2023-09-03 14:46:33:4633 [32minfo[39m: [32m==================================[39m
2023-09-03 14:46:33:4633 [32minfo[39m: [32mApp listening on localhost:4000 🚀[39m
2023-09-03 14:46:33:4633 [32minfo[39m: [32m==================================[39m
2023-09-03 14:46:33:4633 [32minfo[39m: [32mConnection has been established successfully[39m
2023-09-03 14:46:33:4633 [31merror[39m: [31mError altering the database: type "uuidv4" does not exist[39m
2023-09-03 14:46:42:4642 [32minfo[39m: [32m==================================[39m
2023-09-03 14:46:42:4642 [32minfo[39m: [32mApp listening on localhost:4000 🚀[39m
2023-09-03 14:46:42:4642 [32minfo[39m: [32m==================================[39m
2023-09-03 14:46:43:4643 [32minfo[39m: [32mConnection has been established successfully[39m
2023-09-03 14:46:43:4643 [31merror[39m: [31mError altering the database: type "uuidv4" does not exist[39m
2023-09-03 14:47:15:4715 [32minfo[39m: [32m==================================[39m
2023-09-03 14:47:15:4715 [32minfo[39m: [32mApp listening on localhost:4000 🚀[39m
2023-09-03 14:47:15:4715 [32minfo[39m: [32m==================================[39m
2023-09-03 14:47:15:4715 [32minfo[39m: [32mConnection has been established successfully[39m
2023-09-03 14:47:15:4715 [31merror[39m: [31mError altering the database: type "uuidv4" does not exist[39m
2023-09-03 14:47:27:4727 [32minfo[39m: [32m==================================[39m
2023-09-03 14:47:27:4727 [32minfo[39m: [32mApp listening on localhost:4000 🚀[39m
2023-09-03 14:47:27:4727 [32minfo[39m: [32m==================================[39m
2023-09-03 14:47:27:4727 [32minfo[39m: [32mConnection has been established successfully[39m
2023-09-03 14:47:28:4728 [31merror[39m: [31mError altering the database: type "uuidv4" does not exist[39m
2023-09-03 14:47:37:4737 [32minfo[39m: [32m==================================[39m
2023-09-03 14:47:37:4737 [32minfo[39m: [32mApp listening on localhost:4000 🚀[39m
2023-09-03 14:47:37:4737 [32minfo[39m: [32m==================================[39m
2023-09-03 14:47:38:4738 [32minfo[39m: [32mConnection has been established successfully[39m
2023-09-03 14:47:38:4738 [31merror[39m: [31mError altering the database: type "uuidv4" does not exist[39m
2023-09-03 14:47:53:4753 [32minfo[39m: [32m==================================[39m
2023-09-03 14:47:53:4753 [32minfo[39m: [32mApp listening on localhost:4000 🚀[39m
2023-09-03 14:47:53:4753 [32minfo[39m: [32m==================================[39m
2023-09-03 14:47:53:4753 [32minfo[39m: [32mConnection has been established successfully[39m
2023-09-03 14:47:53:4753 [31merror[39m: [31mError altering the database: type "uuidv4" does not exist[39m
2023-09-03 14:48:48:4848 [32minfo[39m: [32m==================================[39m
2023-09-03 14:48:48:4848 [32minfo[39m: [32mApp listening on localhost:4000 🚀[39m
2023-09-03 14:48:48:4848 [32minfo[39m: [32m==================================[39m
2023-09-03 14:48:48:4848 [32minfo[39m: [32mConnection has been established successfully[39m
2023-09-03 14:48:48:4848 [32minfo[39m: [32mDatabase has been successfully altered[39m
2023-09-03 14:48:55:4855 [32minfo[39m: [32m==================================[39m
2023-09-03 14:48:55:4855 [32minfo[39m: [32mApp listening on localhost:4000 🚀[39m
2023-09-03 14:48:55:4855 [32minfo[39m: [32m==================================[39m
2023-09-03 14:48:55:4855 [32minfo[39m: [32mConnection has been established successfully[39m
2023-09-03 14:48:56:4856 [32minfo[39m: [32mDatabase has been successfully altered[39m
